<?xml version="1.0" encoding="UTF-8"?>
<testng-results skipped="0" failed="0" ignored="0" total="1" passed="1">
  <reporter-output>
  </reporter-output>
  <suite name="Default suite" duration-ms="23789" started-at="2020-07-05T20:57:37 IST" finished-at="2020-07-05T20:58:01 IST">
    <groups>
    </groups>
    <test name="Default test" duration-ms="23789" started-at="2020-07-05T20:57:37 IST" finished-at="2020-07-05T20:58:01 IST">
      <class name="com.ordersummary.testscripts.ClickOnContinueBtnAndSelectPaymentMethodTest">
        <test-method status="PASS" signature="launchBrowser()[pri:0, instance:com.ordersummary.testscripts.ClickOnContinueBtnAndSelectPaymentMethodTest@1f7030a6]" name="launchBrowser" is-config="true" duration-ms="1260" started-at="2020-07-05T20:57:37 IST" finished-at="2020-07-05T20:57:39 IST">
          <reporter-output>
          </reporter-output>
        </test-method> <!-- launchBrowser -->
        <test-method status="PASS" signature="clickOnContinueBtnAndSelectCreditCardPayment()[pri:0, instance:com.ordersummary.testscripts.ClickOnContinueBtnAndSelectPaymentMethodTest@1f7030a6]" name="clickOnContinueBtnAndSelectCreditCardPayment" duration-ms="22422" started-at="2020-07-05T20:57:39 IST" finished-at="2020-07-05T20:58:01 IST">
          <reporter-output>
          </reporter-output>
        </test-method> <!-- clickOnContinueBtnAndSelectCreditCardPayment -->
        <test-method status="PASS" signature="tearDown()[pri:0, instance:com.ordersummary.testscripts.ClickOnContinueBtnAndSelectPaymentMethodTest@1f7030a6]" name="tearDown" is-config="true" duration-ms="84" started-at="2020-07-05T20:58:01 IST" finished-at="2020-07-05T20:58:01 IST">
          <reporter-output>
          </reporter-output>
        </test-method> <!-- tearDown -->
      </class> <!-- com.ordersummary.testscripts.ClickOnContinueBtnAndSelectPaymentMethodTest -->
    </test> <!-- Default test -->
  </suite> <!-- Default suite -->
</testng-results>
