<?xml version="1.0" encoding="UTF-8"?>
<testng-results skipped="0" failed="0" ignored="1" total="2" passed="1">
  <reporter-output>
  </reporter-output>
  <suite name="Default suite" duration-ms="44110" started-at="2020-07-06T11:41:03 IST" finished-at="2020-07-06T11:41:47 IST">
    <groups>
    </groups>
    <test name="Default test" duration-ms="44110" started-at="2020-07-06T11:41:03 IST" finished-at="2020-07-06T11:41:47 IST">
      <class name="com.creditcardpage.testscripts.EnterInvalidCardDetailsTest">
        <test-method status="PASS" signature="launchBrowser()[pri:0, instance:com.creditcardpage.testscripts.EnterInvalidCardDetailsTest@5a1c0542]" name="launchBrowser" is-config="true" duration-ms="1246" started-at="2020-07-06T11:41:03 IST" finished-at="2020-07-06T11:41:04 IST">
          <reporter-output>
          </reporter-output>
        </test-method> <!-- launchBrowser -->
        <test-method status="PASS" signature="enterInValidCardDetailsTransactionFailedMsgReason()[pri:0, instance:com.creditcardpage.testscripts.EnterInvalidCardDetailsTest@5a1c0542]" name="enterInValidCardDetailsTransactionFailedMsgReason" duration-ms="42758" started-at="2020-07-06T11:41:04 IST" finished-at="2020-07-06T11:41:47 IST">
          <reporter-output>
          </reporter-output>
        </test-method> <!-- enterInValidCardDetailsTransactionFailedMsgReason -->
        <test-method status="PASS" signature="tearDown()[pri:0, instance:com.creditcardpage.testscripts.EnterInvalidCardDetailsTest@5a1c0542]" name="tearDown" is-config="true" duration-ms="87" started-at="2020-07-06T11:41:47 IST" finished-at="2020-07-06T11:41:47 IST">
          <reporter-output>
          </reporter-output>
        </test-method> <!-- tearDown -->
      </class> <!-- com.creditcardpage.testscripts.EnterInvalidCardDetailsTest -->
    </test> <!-- Default test -->
  </suite> <!-- Default suite -->
</testng-results>
