<?xml version="1.0" encoding="UTF-8"?>
<!-- Generated by org.testng.reporters.JUnitXMLReporter -->
<testsuite hostname="Amruths-MacBook-Pro.local" ignored="1" name="Default test" tests="1" failures="0" timestamp="2020-07-06T11:41:47 IST" time="44.11" errors="0">
  <testcase name="enterInValidCardDetailsTransactionFailedMsgReason" time="42.758" classname="com.creditcardpage.testscripts.EnterInvalidCardDetailsTest"/>
  <testcase name="enterInValidCardDetailsTransactionFailedMsg" time="0.0" classname="com.creditcardpage.testscripts.EnterInvalidCardDetailsTest">
    <ignored/>
  </testcase> <!-- enterInValidCardDetailsTransactionFailedMsg -->
</testsuite> <!-- Default test -->
